2007.12.24 18:39 B C:\Tomcat\webapps\CreditUSA\jsp\addRole.jsp --> thecreditusa.virtual.vps-host.net /webapps/CreditUSA/jsp addRole.jsp
2007.12.24 18:39 B C:\Tomcat\webapps\CreditUSA\jsp\contactForm.jsp --> thecreditusa.virtual.vps-host.net /webapps/CreditUSA/jsp contactForm.jsp
2007.12.24 18:39 B C:\Tomcat\webapps\CreditUSA\jsp\customerDetails.jsp --> thecreditusa.virtual.vps-host.net /webapps/CreditUSA/jsp customerDetails.jsp
2007.12.24 18:39 B C:\Tomcat\webapps\CreditUSA\jsp\customerEnrollment.jsp --> thecreditusa.virtual.vps-host.net /webapps/CreditUSA/jsp customerEnrollment.jsp
2007.12.24 18:39 B C:\Tomcat\webapps\CreditUSA\jsp\customers_waitingForApproval.jsp --> thecreditusa.virtual.vps-host.net /webapps/CreditUSA/jsp customers_waitingForApproval.jsp
2007.12.24 18:39 B C:\Tomcat\webapps\CreditUSA\jsp\customerStatus.jsp --> thecreditusa.virtual.vps-host.net /webapps/CreditUSA/jsp customerStatus.jsp
2007.12.24 18:39 B C:\Tomcat\webapps\CreditUSA\jsp\distributorDetails.jsp --> thecreditusa.virtual.vps-host.net /webapps/CreditUSA/jsp distributorDetails.jsp
2007.12.24 18:39 B C:\Tomcat\webapps\CreditUSA\jsp\distributorHierarchy.jsp --> thecreditusa.virtual.vps-host.net /webapps/CreditUSA/jsp distributorHierarchy.jsp
2007.12.24 18:39 B C:\Tomcat\webapps\CreditUSA\jsp\distributorRegistration.jsp --> thecreditusa.virtual.vps-host.net /webapps/CreditUSA/jsp distributorRegistration.jsp
2007.12.24 18:39 B C:\Tomcat\webapps\CreditUSA\jsp\distributors_waitingForApproval.jsp --> thecreditusa.virtual.vps-host.net /webapps/CreditUSA/jsp distributors_waitingForApproval.jsp
2007.12.24 18:39 B C:\Tomcat\webapps\CreditUSA\jsp\distributorsList.jsp --> thecreditusa.virtual.vps-host.net /webapps/CreditUSA/jsp distributorsList.jsp
2007.12.24 18:39 B C:\Tomcat\webapps\CreditUSA\jsp\distributorsList_for_hierarchy.jsp --> thecreditusa.virtual.vps-host.net /webapps/CreditUSA/jsp distributorsList_for_hierarchy.jsp
2007.12.24 18:39 B C:\Tomcat\webapps\CreditUSA\jsp\distributorsListForSelection.jsp --> thecreditusa.virtual.vps-host.net /webapps/CreditUSA/jsp distributorsListForSelection.jsp
2007.12.24 18:39 B C:\Tomcat\webapps\CreditUSA\jsp\index.jsp --> thecreditusa.virtual.vps-host.net /webapps/CreditUSA/jsp index.jsp
2007.12.24 18:39 B C:\Tomcat\webapps\CreditUSA\jsp\login.jsp --> thecreditusa.virtual.vps-host.net /webapps/CreditUSA/jsp login.jsp
2007.12.24 18:39 B C:\Tomcat\webapps\CreditUSA\jsp\newUser.jsp --> thecreditusa.virtual.vps-host.net /webapps/CreditUSA/jsp newUser.jsp
2007.12.24 18:39 B C:\Tomcat\webapps\CreditUSA\jsp\paymentDetails.jsp --> thecreditusa.virtual.vps-host.net /webapps/CreditUSA/jsp paymentDetails.jsp
2007.12.24 18:40 B C:\Tomcat\webapps\CreditUSA\jsp\paymentMade.jsp --> thecreditusa.virtual.vps-host.net /webapps/CreditUSA/jsp paymentMade.jsp
2007.12.24 18:40 B C:\Tomcat\webapps\CreditUSA\jsp\paymentsList.jsp --> thecreditusa.virtual.vps-host.net /webapps/CreditUSA/jsp paymentsList.jsp
2007.12.24 18:40 B C:\Tomcat\webapps\CreditUSA\jsp\paymentsMadeList.jsp --> thecreditusa.virtual.vps-host.net /webapps/CreditUSA/jsp paymentsMadeList.jsp
2007.12.24 18:40 B C:\Tomcat\webapps\CreditUSA\jsp\reports.jsp --> thecreditusa.virtual.vps-host.net /webapps/CreditUSA/jsp reports.jsp
2007.12.24 18:40 B C:\Tomcat\webapps\CreditUSA\jsp\roleDetails.jsp --> thecreditusa.virtual.vps-host.net /webapps/CreditUSA/jsp roleDetails.jsp
2007.12.24 18:40 B C:\Tomcat\webapps\CreditUSA\jsp\rolesList.jsp --> thecreditusa.virtual.vps-host.net /webapps/CreditUSA/jsp rolesList.jsp
2007.12.24 18:40 B C:\Tomcat\webapps\CreditUSA\jsp\taglibs.jsp --> thecreditusa.virtual.vps-host.net /webapps/CreditUSA/jsp taglibs.jsp
2007.12.24 18:40 B C:\Tomcat\webapps\CreditUSA\jsp\userDetails.jsp --> thecreditusa.virtual.vps-host.net /webapps/CreditUSA/jsp userDetails.jsp
2007.12.24 18:40 B C:\Tomcat\webapps\CreditUSA\jsp\usersList.jsp --> thecreditusa.virtual.vps-host.net /webapps/CreditUSA/jsp usersList.jsp
