2007.12.24 18:36 B C:\Tomcat\webapps\CreditUSA\images\1X1Trans.gif --> thecreditusa.virtual.vps-host.net /webapps/CreditUSA/images 1X1Trans.gif
2007.12.24 18:36 B C:\Tomcat\webapps\CreditUSA\images\angle.gif --> thecreditusa.virtual.vps-host.net /webapps/CreditUSA/images angle.gif
2007.12.24 18:36 B C:\Tomcat\webapps\CreditUSA\images\appliedto.gif --> thecreditusa.virtual.vps-host.net /webapps/CreditUSA/images appliedto.gif
2007.12.24 18:36 B C:\Tomcat\webapps\CreditUSA\images\buttonBG.gif --> thecreditusa.virtual.vps-host.net /webapps/CreditUSA/images buttonBG.gif
2007.12.24 18:36 B C:\Tomcat\webapps\CreditUSA\images\calendar.gif --> thecreditusa.virtual.vps-host.net /webapps/CreditUSA/images calendar.gif
2007.12.24 18:36 B C:\Tomcat\webapps\CreditUSA\images\calendar.jpg --> thecreditusa.virtual.vps-host.net /webapps/CreditUSA/images calendar.jpg
2007.12.24 18:36 B C:\Tomcat\webapps\CreditUSA\images\calendar.png --> thecreditusa.virtual.vps-host.net /webapps/CreditUSA/images calendar.png
2007.12.24 18:36 B C:\Tomcat\webapps\CreditUSA\images\calendarbtn.gif --> thecreditusa.virtual.vps-host.net /webapps/CreditUSA/images calendarbtn.gif
2007.12.24 18:36 B C:\Tomcat\webapps\CreditUSA\images\clone.gif --> thecreditusa.virtual.vps-host.net /webapps/CreditUSA/images clone.gif
2007.12.24 18:36 B C:\Tomcat\webapps\CreditUSA\images\close.gif --> thecreditusa.virtual.vps-host.net /webapps/CreditUSA/images close.gif
2007.12.24 18:36 B C:\Tomcat\webapps\CreditUSA\images\close_over.gif --> thecreditusa.virtual.vps-host.net /webapps/CreditUSA/images close_over.gif
2007.12.24 18:36 B C:\Tomcat\webapps\CreditUSA\images\dash.gif --> thecreditusa.virtual.vps-host.net /webapps/CreditUSA/images dash.gif
2007.12.24 18:36 B C:\Tomcat\webapps\CreditUSA\images\delete-icon.gif --> thecreditusa.virtual.vps-host.net /webapps/CreditUSA/images delete-icon.gif
2007.12.24 18:36 B C:\Tomcat\webapps\CreditUSA\images\delete.gif --> thecreditusa.virtual.vps-host.net /webapps/CreditUSA/images delete.gif
2007.12.24 18:36 B C:\Tomcat\webapps\CreditUSA\images\down.gif --> thecreditusa.virtual.vps-host.net /webapps/CreditUSA/images down.gif
2007.12.24 18:37 B C:\Tomcat\webapps\CreditUSA\images\down_over.gif --> thecreditusa.virtual.vps-host.net /webapps/CreditUSA/images down_over.gif
2007.12.24 18:37 B C:\Tomcat\webapps\CreditUSA\images\down_time.gif --> thecreditusa.virtual.vps-host.net /webapps/CreditUSA/images down_time.gif
2007.12.24 18:37 B C:\Tomcat\webapps\CreditUSA\images\down_time_over.gif --> thecreditusa.virtual.vps-host.net /webapps/CreditUSA/images down_time_over.gif
2007.12.24 18:37 B C:\Tomcat\webapps\CreditUSA\images\drop1.GIF --> thecreditusa.virtual.vps-host.net /webapps/CreditUSA/images drop1.GIF
2007.12.24 18:37 B C:\Tomcat\webapps\CreditUSA\images\footer_bg.gif --> thecreditusa.virtual.vps-host.net /webapps/CreditUSA/images footer_bg.gif
2007.12.24 18:37 B C:\Tomcat\webapps\CreditUSA\images\footerBg.gif --> thecreditusa.virtual.vps-host.net /webapps/CreditUSA/images footerBg.gif
2007.12.24 18:37 B C:\Tomcat\webapps\CreditUSA\images\footerbg.jpg --> thecreditusa.virtual.vps-host.net /webapps/CreditUSA/images footerbg.jpg
2007.12.24 18:37 B C:\Tomcat\webapps\CreditUSA\images\green_dot.png --> thecreditusa.virtual.vps-host.net /webapps/CreditUSA/images green_dot.png
2007.12.24 18:37 B C:\Tomcat\webapps\CreditUSA\images\icon-info.gif --> thecreditusa.virtual.vps-host.net /webapps/CreditUSA/images icon-info.gif
2007.12.24 18:37 B C:\Tomcat\webapps\CreditUSA\images\icon-loginpic.gif --> thecreditusa.virtual.vps-host.net /webapps/CreditUSA/images icon-loginpic.gif
2007.12.24 18:37 B C:\Tomcat\webapps\CreditUSA\images\icon_collapse.gif --> thecreditusa.virtual.vps-host.net /webapps/CreditUSA/images icon_collapse.gif
2007.12.24 18:37 B C:\Tomcat\webapps\CreditUSA\images\icon_expand.gif --> thecreditusa.virtual.vps-host.net /webapps/CreditUSA/images icon_expand.gif
2007.12.24 18:37 B C:\Tomcat\webapps\CreditUSA\images\left.gif --> thecreditusa.virtual.vps-host.net /webapps/CreditUSA/images left.gif
2007.12.24 18:37 B C:\Tomcat\webapps\CreditUSA\images\left1.GIF --> thecreditusa.virtual.vps-host.net /webapps/CreditUSA/images left1.GIF
2007.12.24 18:37 B C:\Tomcat\webapps\CreditUSA\images\left_over.gif --> thecreditusa.virtual.vps-host.net /webapps/CreditUSA/images left_over.gif
2007.12.24 18:37 B C:\Tomcat\webapps\CreditUSA\images\loading-wait.gif --> thecreditusa.virtual.vps-host.net /webapps/CreditUSA/images loading-wait.gif
2007.12.24 18:37 B C:\Tomcat\webapps\CreditUSA\images\lookUp.gif --> thecreditusa.virtual.vps-host.net /webapps/CreditUSA/images lookUp.gif
2007.12.24 18:37 B C:\Tomcat\webapps\CreditUSA\images\MenuDivider.gif --> thecreditusa.virtual.vps-host.net /webapps/CreditUSA/images MenuDivider.gif
2007.12.24 18:37 B C:\Tomcat\webapps\CreditUSA\images\menuOptionBg.gif --> thecreditusa.virtual.vps-host.net /webapps/CreditUSA/images menuOptionBg.gif
2007.12.24 18:37 B C:\Tomcat\webapps\CreditUSA\images\menuOptionHoverBg.gif --> thecreditusa.virtual.vps-host.net /webapps/CreditUSA/images menuOptionHoverBg.gif
2007.12.24 18:37 B C:\Tomcat\webapps\CreditUSA\images\minus.gif --> thecreditusa.virtual.vps-host.net /webapps/CreditUSA/images minus.gif
2007.12.24 18:37 B C:\Tomcat\webapps\CreditUSA\images\next.gif --> thecreditusa.virtual.vps-host.net /webapps/CreditUSA/images next.gif
2007.12.24 18:37 B C:\Tomcat\webapps\CreditUSA\images\next_month.png --> thecreditusa.virtual.vps-host.net /webapps/CreditUSA/images next_month.png
2007.12.24 18:37 B C:\Tomcat\webapps\CreditUSA\images\next_year.png --> thecreditusa.virtual.vps-host.net /webapps/CreditUSA/images next_year.png
2007.12.24 18:37 B C:\Tomcat\webapps\CreditUSA\images\prev.gif --> thecreditusa.virtual.vps-host.net /webapps/CreditUSA/images prev.gif
2007.12.24 18:37 B C:\Tomcat\webapps\CreditUSA\images\previous_month.png --> thecreditusa.virtual.vps-host.net /webapps/CreditUSA/images previous_month.png
2007.12.24 18:37 B C:\Tomcat\webapps\CreditUSA\images\previous_year.png --> thecreditusa.virtual.vps-host.net /webapps/CreditUSA/images previous_year.png
2007.12.24 18:37 B C:\Tomcat\webapps\CreditUSA\images\publication.gif --> thecreditusa.virtual.vps-host.net /webapps/CreditUSA/images publication.gif
2007.12.24 18:37 B C:\Tomcat\webapps\CreditUSA\images\right.gif --> thecreditusa.virtual.vps-host.net /webapps/CreditUSA/images right.gif
2007.12.24 18:37 B C:\Tomcat\webapps\CreditUSA\images\right1.GIF --> thecreditusa.virtual.vps-host.net /webapps/CreditUSA/images right1.GIF
2007.12.24 18:37 B C:\Tomcat\webapps\CreditUSA\images\right_over.gif --> thecreditusa.virtual.vps-host.net /webapps/CreditUSA/images right_over.gif
2007.12.24 18:37 B C:\Tomcat\webapps\CreditUSA\images\row2Bg.gif --> thecreditusa.virtual.vps-host.net /webapps/CreditUSA/images row2Bg.gif
2007.12.24 18:37 B C:\Tomcat\webapps\CreditUSA\images\row3Bg.gif --> thecreditusa.virtual.vps-host.net /webapps/CreditUSA/images row3Bg.gif
2007.12.24 18:37 B C:\Tomcat\webapps\CreditUSA\images\spacer.gif --> thecreditusa.virtual.vps-host.net /webapps/CreditUSA/images spacer.gif
2007.12.24 18:37 B C:\Tomcat\webapps\CreditUSA\images\tabBG.gif --> thecreditusa.virtual.vps-host.net /webapps/CreditUSA/images tabBG.gif
2007.12.24 18:37 B C:\Tomcat\webapps\CreditUSA\images\tablebottom.gif --> thecreditusa.virtual.vps-host.net /webapps/CreditUSA/images tablebottom.gif
2007.12.24 18:37 B C:\Tomcat\webapps\CreditUSA\images\tablebottomCorner.gif --> thecreditusa.virtual.vps-host.net /webapps/CreditUSA/images tablebottomCorner.gif
2007.12.24 18:37 B C:\Tomcat\webapps\CreditUSA\images\tableBottomLeftcorner.gif --> thecreditusa.virtual.vps-host.net /webapps/CreditUSA/images tableBottomLeftcorner.gif
2007.12.24 18:37 B C:\Tomcat\webapps\CreditUSA\images\tabLeft.gif --> thecreditusa.virtual.vps-host.net /webapps/CreditUSA/images tabLeft.gif
2007.12.24 18:37 B C:\Tomcat\webapps\CreditUSA\images\tabLeftSel.gif --> thecreditusa.virtual.vps-host.net /webapps/CreditUSA/images tabLeftSel.gif
2007.12.24 18:37 B C:\Tomcat\webapps\CreditUSA\images\tableLeftside.gif --> thecreditusa.virtual.vps-host.net /webapps/CreditUSA/images tableLeftside.gif
2007.12.24 18:37 B C:\Tomcat\webapps\CreditUSA\images\tableRightside.gif --> thecreditusa.virtual.vps-host.net /webapps/CreditUSA/images tableRightside.gif
2007.12.24 18:37 B C:\Tomcat\webapps\CreditUSA\images\tableTop.gif --> thecreditusa.virtual.vps-host.net /webapps/CreditUSA/images tableTop.gif
2007.12.24 18:37 B C:\Tomcat\webapps\CreditUSA\images\TableTopLeftcorner.gif --> thecreditusa.virtual.vps-host.net /webapps/CreditUSA/images TableTopLeftcorner.gif
2007.12.24 18:37 B C:\Tomcat\webapps\CreditUSA\images\tableTopRightCorner.gif --> thecreditusa.virtual.vps-host.net /webapps/CreditUSA/images tableTopRightCorner.gif
2007.12.24 18:37 B C:\Tomcat\webapps\CreditUSA\images\tabMainSel.gif --> thecreditusa.virtual.vps-host.net /webapps/CreditUSA/images tabMainSel.gif
2007.12.24 18:38 B C:\Tomcat\webapps\CreditUSA\images\tabNormalBg.gif --> thecreditusa.virtual.vps-host.net /webapps/CreditUSA/images tabNormalBg.gif
2007.12.24 18:38 B C:\Tomcat\webapps\CreditUSA\images\tabRight.gif --> thecreditusa.virtual.vps-host.net /webapps/CreditUSA/images tabRight.gif
2007.12.24 18:38 B C:\Tomcat\webapps\CreditUSA\images\tabRightSel.gif --> thecreditusa.virtual.vps-host.net /webapps/CreditUSA/images tabRightSel.gif
2007.12.24 18:38 B C:\Tomcat\webapps\CreditUSA\images\tabTrans.gif --> thecreditusa.virtual.vps-host.net /webapps/CreditUSA/images tabTrans.gif
2007.12.24 18:38 B C:\Tomcat\webapps\CreditUSA\images\tee.gif --> thecreditusa.virtual.vps-host.net /webapps/CreditUSA/images tee.gif
2007.12.24 18:38 B C:\Tomcat\webapps\CreditUSA\images\test_footer.GIF --> thecreditusa.virtual.vps-host.net /webapps/CreditUSA/images test_footer.GIF
2007.12.24 18:38 B C:\Tomcat\webapps\CreditUSA\images\Thumbs.db --> thecreditusa.virtual.vps-host.net /webapps/CreditUSA/images Thumbs.db
2007.12.24 18:38 B C:\Tomcat\webapps\CreditUSA\images\update.gif --> thecreditusa.virtual.vps-host.net /webapps/CreditUSA/images update.gif
2007.12.24 18:38 B C:\Tomcat\webapps\CreditUSA\images\upLoad.gif --> thecreditusa.virtual.vps-host.net /webapps/CreditUSA/images upLoad.gif
2007.12.24 18:38 B C:\Tomcat\webapps\CreditUSA\images\viewMoreDis.gif --> thecreditusa.virtual.vps-host.net /webapps/CreditUSA/images viewMoreDis.gif
2007.12.24 18:38 B C:\Tomcat\webapps\CreditUSA\images\viewNew.gif --> thecreditusa.virtual.vps-host.net /webapps/CreditUSA/images viewNew.gif
